# JRE version: OpenJDK Runtime Environment (11.0.13) (build 11.0.13+0-b1751.21-8125866)
# Java VM: OpenJDK 64-Bit Server VM (11.0.13+0-b1751.21-8125866, mixed mode, tiered, compressed oops, g1 gc, windows-amd64)
Heap:
 garbage-first heap   total 169984K, used 67587K [0x0000000081800000, 0x0000000100000000)
  region size 1024K, 28 young (28672K), 8 survivors (8192K)
 Metaspace       used 58964K, capacity 59693K, committed 59856K, reserved 1101824K
  class space    used 6692K, capacity 6996K, committed 7040K, reserved 1048576K
GC Heap History (14 events):
Event: 5.353 GC heap before
{Heap before GC invocations=0 (full 0):
 garbage-first heap   total 131072K, used 18432K [0x0000000081800000, 0x0000000100000000)
  region size 1024K, 14 young (14336K), 0 survivors (0K)
 Metaspace       used 9463K, capacity 9551K, committed 9856K, reserved 1058816K
  class space    used 782K, capacity 820K, committed 896K, reserved 1048576K
}
Event: 5.610 GC heap after
{Heap after GC invocations=1 (full 0):
 garbage-first heap   total 131072K, used 6315K [0x0000000081800000, 0x0000000100000000)
  region size 1024K, 2 young (2048K), 2 survivors (2048K)
 Metaspace       used 9463K, capacity 9551K, committed 9856K, reserved 1058816K
  class space    used 782K, capacity 820K, committed 896K, reserved 1048576K
}
Event: 10.567 GC heap before
{Heap before GC invocations=1 (full 0):
 garbage-first heap   total 131072K, used 54443K [0x0000000081800000, 0x0000000100000000)
  region size 1024K, 50 young (51200K), 2 survivors (2048K)
 Metaspace       used 20878K, capacity 21130K, committed 21296K, reserved 1069056K
  class space    used 2247K, capacity 2344K, committed 2432K, reserved 1048576K
}
Event: 10.603 GC heap after
{Heap after GC invocations=2 (full 0):
 garbage-first heap   total 131072K, used 10495K [0x0000000081800000, 0x0000000100000000)
  region size 1024K, 7 young (7168K), 7 survivors (7168K)
 Metaspace       used 20878K, capacity 21130K, committed 21296K, reserved 1069056K
  class space    used 2247K, capacity 2344K, committed 2432K, reserved 1048576K
}
Event: 13.559 GC heap before
{Heap before GC invocations=3 (full 0):
 garbage-first heap   total 131072K, used 67839K [0x0000000081800000, 0x0000000100000000)
  region size 1024K, 57 young (58368K), 7 survivors (7168K)
 Metaspace       used 32277K, capacity 32828K, committed 32944K, reserved 1079296K
  class space    used 3821K, capacity 4050K, committed 4096K, reserved 1048576K
}
Event: 13.600 GC heap after
{Heap after GC invocations=4 (full 0):
 garbage-first heap   total 131072K, used 23535K [0x0000000081800000, 0x0000000100000000)
  region size 1024K, 7 young (7168K), 7 survivors (7168K)
 Metaspace       used 32277K, capacity 32828K, committed 32944K, reserved 1079296K
  class space    used 3821K, capacity 4050K, committed 4096K, reserved 1048576K
}
Event: 14.504 GC heap before
{Heap before GC invocations=4 (full 0):
 garbage-first heap   total 131072K, used 38895K [0x0000000081800000, 0x0000000100000000)
  region size 1024K, 23 young (23552K), 7 survivors (7168K)
 Metaspace       used 35148K, capacity 35695K, committed 35920K, reserved 1081344K
  class space    used 4319K, capacity 4532K, committed 4608K, reserved 1048576K
}
Event: 14.549 GC heap after
{Heap after GC invocations=5 (full 0):
 garbage-first heap   total 131072K, used 24513K [0x0000000081800000, 0x0000000100000000)
  region size 1024K, 1 young (1024K), 1 survivors (1024K)
 Metaspace       used 35148K, capacity 35695K, committed 35920K, reserved 1081344K
  class space    used 4319K, capacity 4532K, committed 4608K, reserved 1048576K
}
Event: 17.803 GC heap before
{Heap before GC invocations=6 (full 0):
 garbage-first heap   total 131072K, used 80833K [0x0000000081800000, 0x0000000100000000)
  region size 1024K, 56 young (57344K), 1 survivors (1024K)
 Metaspace       used 46258K, capacity 46896K, committed 47184K, reserved 1091584K
  class space    used 5375K, capacity 5612K, committed 5632K, reserved 1048576K
}
Event: 17.836 GC heap after
{Heap after GC invocations=7 (full 0):
 garbage-first heap   total 169984K, used 27832K [0x0000000081800000, 0x0000000100000000)
  region size 1024K, 7 young (7168K), 7 survivors (7168K)
 Metaspace       used 46258K, capacity 46896K, committed 47184K, reserved 1091584K
  class space    used 5375K, capacity 5612K, committed 5632K, reserved 1048576K
}
Event: 21.170 GC heap before
{Heap before GC invocations=8 (full 0):
 garbage-first heap   total 169984K, used 92344K [0x0000000081800000, 0x0000000100000000)
  region size 1024K, 68 young (69632K), 7 survivors (7168K)
 Metaspace       used 53560K, capacity 54276K, committed 54480K, reserved 1097728K
  class space    used 6174K, capacity 6469K, committed 6528K, reserved 1048576K
}
Event: 21.215 GC heap after
{Heap after GC invocations=9 (full 0):
 garbage-first heap   total 169984K, used 40131K [0x0000000081800000, 0x0000000100000000)
  region size 1024K, 9 young (9216K), 9 survivors (9216K)
 Metaspace       used 53560K, capacity 54276K, committed 54480K, reserved 1097728K
  class space    used 6174K, capacity 6469K, committed 6528K, reserved 1048576K
}
Event: 25.316 GC heap before
{Heap before GC invocations=9 (full 0):
 garbage-first heap   total 169984K, used 113859K [0x0000000081800000, 0x0000000100000000)
  region size 1024K, 80 young (81920K), 9 survivors (9216K)
 Metaspace       used 58589K, capacity 59317K, committed 59600K, reserved 1101824K
  class space    used 6664K, capacity 6956K, committed 7040K, reserved 1048576K
}
Event: 25.363 GC heap after
{Heap after GC invocations=10 (full 0):
 garbage-first heap   total 169984K, used 48131K [0x0000000081800000, 0x0000000100000000)
  region size 1024K, 8 young (8192K), 8 survivors (8192K)
 Metaspace       used 58589K, capacity 59317K, committed 59600K, reserved 1101824K
  class space    used 6664K, capacity 6956K, committed 7040K, reserved 1048576K
}

